<?xml version="1.0" encoding="UTF-8"?>
<testng-results skipped="0" failed="0" ignored="0" total="1" passed="1">
  <reporter-output>
  </reporter-output>
  <suite name="Suite" duration-ms="12002" started-at="2020-11-25T00:36:32 PST" finished-at="2020-11-25T00:36:44 PST">
    <groups>
    </groups>
    <test name="Test" duration-ms="12002" started-at="2020-11-25T00:36:32 PST" finished-at="2020-11-25T00:36:44 PST">
      <class name="salesforcepkg.TC01">
        <test-method status="PASS" signature="f()[pri:0, instance:salesforcepkg.TC01@e45f292]" name="f" duration-ms="11951" started-at="2020-11-25T00:36:33 PST" finished-at="2020-11-25T00:36:44 PST">
          <reporter-output>
          </reporter-output>
        </test-method> <!-- f -->
      </class> <!-- salesforcepkg.TC01 -->
    </test> <!-- Test -->
  </suite> <!-- Suite -->
</testng-results>
