<?xml version="1.0" encoding="UTF-8"?>
<testng-results skipped="0" failed="0" ignored="0" total="1" passed="1">
  <reporter-output>
  </reporter-output>
  <suite name="Suite" duration-ms="12324" started-at="2020-11-24T21:30:20 PST" finished-at="2020-11-24T21:30:32 PST">
    <groups>
    </groups>
    <test name="Test" duration-ms="12324" started-at="2020-11-24T21:30:20 PST" finished-at="2020-11-24T21:30:32 PST">
      <class name="salesforcepkg.TC01">
        <test-method status="PASS" signature="f()[pri:0, instance:salesforcepkg.TC01@48503868]" name="f" duration-ms="12294" started-at="2020-11-24T21:30:20 PST" finished-at="2020-11-24T21:30:32 PST">
          <reporter-output>
          </reporter-output>
        </test-method> <!-- f -->
      </class> <!-- salesforcepkg.TC01 -->
    </test> <!-- Test -->
  </suite> <!-- Suite -->
</testng-results>
